[debug] [2019-10-19T16:13:21.752Z] ----------------------------------------------------------------------
[debug] [2019-10-19T16:13:21.754Z] Command:       /usr/bin/node /usr/local/bin/firebase init functions
[debug] [2019-10-19T16:13:21.754Z] CLI Version:   7.6.1
[debug] [2019-10-19T16:13:21.754Z] Platform:      linux
[debug] [2019-10-19T16:13:21.754Z] Node Version:  v10.15.2
[debug] [2019-10-19T16:13:21.754Z] Time:          Sat Oct 19 2019 19:13:21 GMT+0300 (Arabian Standard Time)
[debug] [2019-10-19T16:13:21.755Z] ----------------------------------------------------------------------
[debug] [2019-10-19T16:13:21.755Z] 
[debug] [2019-10-19T16:13:21.759Z] > command requires scopes: ["email","openid","https://www.googleapis.com/auth/cloudplatformprojects.readonly","https://www.googleapis.com/auth/firebase","https://www.googleapis.com/auth/cloud-platform"]
[debug] [2019-10-19T16:13:21.759Z] > authorizing via signed-in user
[info] 
     ######## #### ########  ######## ########     ###     ######  ########
     ##        ##  ##     ## ##       ##     ##  ##   ##  ##       ##
     ######    ##  ########  ######   ########  #########  ######  ######
     ##        ##  ##    ##  ##       ##     ## ##     ##       ## ##
     ##       #### ##     ## ######## ########  ##     ##  ######  ########

You're about to initialize a Firebase project in this directory:

  /home/ngazzaz/Desktop/labella

Before we get started, keep in mind:

  * You are initializing in an existing Firebase project directory

[info] 
=== Project Setup
[info] 
[info] First, let's associate this project directory with a Firebase project.
[info] You can create multiple project aliases by running firebase use --add, 
[info] but for now we'll just set up a default project.
[info] 
[info] i  .firebaserc already has a default project, using labella-44b5f.
[debug] [2019-10-19T16:13:21.763Z] > refreshing access token with scopes: ["email","https://www.googleapis.com/auth/cloud-platform","https://www.googleapis.com/auth/cloudplatformprojects.readonly","https://www.googleapis.com/auth/firebase","openid"]
[debug] [2019-10-19T16:13:21.763Z] >>> HTTP REQUEST POST https://www.googleapis.com/oauth2/v3/token  
 <request body omitted>
[debug] [2019-10-19T16:13:22.141Z] <<< HTTP RESPONSE 200
[debug] [2019-10-19T16:13:22.154Z] >>> HTTP REQUEST GET https://firebase.googleapis.com/v1beta1/projects/labella-44b5f  
 
[debug] [2019-10-19T16:13:22.743Z] <<< HTTP RESPONSE 200
[info] 
=== Functions Setup
[info] 
[info] A functions directory will be created in your project with a Node.js
[info] package pre-configured. Functions can be deployed with firebase deploy.
[info] 
[debug] [2019-10-19T16:13:22.744Z] > command requires scopes: ["email","openid","https://www.googleapis.com/auth/cloudplatformprojects.readonly","https://www.googleapis.com/auth/firebase","https://www.googleapis.com/auth/cloud-platform"]
[debug] [2019-10-19T16:13:22.744Z] > authorizing via signed-in user
[debug] [2019-10-19T16:13:22.744Z] >>> HTTP REQUEST GET https://firebase.googleapis.com/v1beta1/projects/labella-44b5f  
 
[debug] [2019-10-19T16:13:23.155Z] <<< HTTP RESPONSE 200
[debug] [2019-10-19T16:13:23.168Z] >>> HTTP REQUEST POST https://serviceusage.googleapis.com/v1/projects/labella-44b5f/services/cloudfunctions.googleapis.com:enable  
 
[debug] [2019-10-19T16:13:23.168Z] >>> HTTP REQUEST POST https://serviceusage.googleapis.com/v1/projects/labella-44b5f/services/runtimeconfig.googleapis.com:enable  
 
